<?xml version="1.0" encoding="UTF-8"?>
<testng-results skipped="0" failed="1" ignored="0" total="1" passed="0">
  <reporter-output>
  </reporter-output>
  <suite name="Suite" duration-ms="93123" started-at="2021-10-13T05:59:31Z" finished-at="2021-10-13T06:01:04Z">
    <groups>
    </groups>
    <test name="Test" duration-ms="93123" started-at="2021-10-13T05:59:31Z" finished-at="2021-10-13T06:01:04Z">
      <class name="testScript.TC_01CreateNewPurchaseOrder">
        <test-method status="PASS" signature="connectDB()[pri:0, instance:testScript.TC_01CreateNewPurchaseOrder@5f9d02cb]" name="connectDB" is-config="true" duration-ms="46" started-at="2021-10-13T05:59:31Z" finished-at="2021-10-13T05:59:31Z">
          <reporter-output>
          </reporter-output>
        </test-method> <!-- connectDB -->
        <test-method status="PASS" signature="launchBrowser(java.lang.String)[pri:0, instance:testScript.TC_01CreateNewPurchaseOrder@5f9d02cb]" name="launchBrowser" is-config="true" duration-ms="10480" started-at="2021-10-13T05:59:31Z" finished-at="2021-10-13T05:59:42Z">
          <params>
            <param index="0">
              <value>
                <![CDATA[Chrome]]>
              </value>
            </param>
          </params>
          <reporter-output>
          </reporter-output>
        </test-method> <!-- launchBrowser -->
        <test-method status="PASS" signature="loginToApp()[pri:0, instance:testScript.TC_01CreateNewPurchaseOrder@5f9d02cb]" name="loginToApp" is-config="true" duration-ms="8868" started-at="2021-10-13T05:59:42Z" finished-at="2021-10-13T05:59:51Z">
          <reporter-output>
          </reporter-output>
        </test-method> <!-- loginToApp -->
        <test-method status="FAIL" signature="createPurchaseOrder()[pri:0, instance:testScript.TC_01CreateNewPurchaseOrder@5f9d02cb]" name="createPurchaseOrder" duration-ms="67621" started-at="2021-10-13T05:59:51Z" finished-at="2021-10-13T06:00:58Z">
          <exception class="org.openqa.selenium.NoSuchWindowException">
            <message>
              <![CDATA[no such window
  (Session info: chrome=94.0.4606.71)
Build info: version: '3.141.59', revision: 'e82be7d358', time: '2018-11-14T08:17:03'
System info: host: 'LAPTOP-NBA1G7PD', ip: '192.168.56.1', os.name: 'Windows 10', os.arch: 'amd64', os.version: '10.0', java.version: '1.8.0_144'
Driver info: org.openqa.selenium.chrome.ChromeDriver
Capabilities {acceptInsecureCerts: false, browserName: chrome, browserVersion: 94.0.4606.71, chrome: {chromedriverVersion: 94.0.4606.61 (418b78f5838ed..., userDataDir: C:\Users\USER\AppData\Local...}, goog:chromeOptions: {debuggerAddress: localhost:1546}, javascriptEnabled: true, networkConnectionEnabled: false, pageLoadStrategy: normal, platform: WINDOWS, platformName: WINDOWS, proxy: Proxy(), setWindowRect: true, strictFileInteractability: false, timeouts: {implicit: 0, pageLoad: 300000, script: 30000}, unhandledPromptBehavior: dismiss and notify, webauthn:extension:credBlob: true, webauthn:extension:largeBlob: true, webauthn:virtualAuthenticators: true}
Session ID: 3f10429832ef3601c800d845cde96d7f]]>
            </message>
            <full-stacktrace>
              <![CDATA[org.openqa.selenium.NoSuchWindowException: no such window
  (Session info: chrome=94.0.4606.71)
Build info: version: '3.141.59', revision: 'e82be7d358', time: '2018-11-14T08:17:03'
System info: host: 'LAPTOP-NBA1G7PD', ip: '192.168.56.1', os.name: 'Windows 10', os.arch: 'amd64', os.version: '10.0', java.version: '1.8.0_144'
Driver info: org.openqa.selenium.chrome.ChromeDriver
Capabilities {acceptInsecureCerts: false, browserName: chrome, browserVersion: 94.0.4606.71, chrome: {chromedriverVersion: 94.0.4606.61 (418b78f5838ed..., userDataDir: C:\Users\USER\AppData\Local...}, goog:chromeOptions: {debuggerAddress: localhost:1546}, javascriptEnabled: true, networkConnectionEnabled: false, pageLoadStrategy: normal, platform: WINDOWS, platformName: WINDOWS, proxy: Proxy(), setWindowRect: true, strictFileInteractability: false, timeouts: {implicit: 0, pageLoad: 300000, script: 30000}, unhandledPromptBehavior: dismiss and notify, webauthn:extension:credBlob: true, webauthn:extension:largeBlob: true, webauthn:virtualAuthenticators: true}
Session ID: 3f10429832ef3601c800d845cde96d7f
at sun.reflect.NativeConstructorAccessorImpl.newInstance0(Native Method)
at sun.reflect.NativeConstructorAccessorImpl.newInstance(Unknown Source)
at sun.reflect.DelegatingConstructorAccessorImpl.newInstance(Unknown Source)
at java.lang.reflect.Constructor.newInstance(Unknown Source)
at org.openqa.selenium.remote.http.W3CHttpResponseCodec.createException(W3CHttpResponseCodec.java:187)
at org.openqa.selenium.remote.http.W3CHttpResponseCodec.decode(W3CHttpResponseCodec.java:122)
at org.openqa.selenium.remote.http.W3CHttpResponseCodec.decode(W3CHttpResponseCodec.java:49)
at org.openqa.selenium.remote.HttpCommandExecutor.execute(HttpCommandExecutor.java:158)
at org.openqa.selenium.remote.service.DriverCommandExecutor.execute(DriverCommandExecutor.java:83)
at org.openqa.selenium.remote.RemoteWebDriver.execute(RemoteWebDriver.java:552)
at org.openqa.selenium.remote.RemoteWebDriver$RemoteTargetLocator.window(RemoteWebDriver.java:903)
at com.crm.vtiger.GenericUtils.WebDriverUtility.switchToWindow(WebDriverUtility.java:124)
at com.vtiger.pomrepositorylib.CreateNewPurchaseOrder.createNewPerchaseOrder(CreateNewPurchaseOrder.java:106)
at testScript.TC_01CreateNewPurchaseOrder.createPurchaseOrder(TC_01CreateNewPurchaseOrder.java:49)
at sun.reflect.NativeMethodAccessorImpl.invoke0(Native Method)
at sun.reflect.NativeMethodAccessorImpl.invoke(Unknown Source)
at sun.reflect.DelegatingMethodAccessorImpl.invoke(Unknown Source)
at java.lang.reflect.Method.invoke(Unknown Source)
at org.testng.internal.MethodInvocationHelper.invokeMethod(MethodInvocationHelper.java:124)
at org.testng.internal.Invoker.invokeMethod(Invoker.java:583)
at org.testng.internal.Invoker.invokeTestMethod(Invoker.java:719)
at org.testng.internal.Invoker.invokeTestMethods(Invoker.java:989)
at org.testng.internal.TestMethodWorker.invokeTestMethods(TestMethodWorker.java:125)
at org.testng.internal.TestMethodWorker.run(TestMethodWorker.java:109)
at org.testng.TestRunner.privateRun(TestRunner.java:648)
at org.testng.TestRunner.run(TestRunner.java:505)
at org.testng.SuiteRunner.runTest(SuiteRunner.java:455)
at org.testng.SuiteRunner.runSequentially(SuiteRunner.java:450)
at org.testng.SuiteRunner.privateRun(SuiteRunner.java:415)
at org.testng.SuiteRunner.run(SuiteRunner.java:364)
at org.testng.SuiteRunnerWorker.runSuite(SuiteRunnerWorker.java:52)
at org.testng.SuiteRunnerWorker.run(SuiteRunnerWorker.java:84)
at org.testng.TestNG.runSuitesSequentially(TestNG.java:1208)
at org.testng.TestNG.runSuitesLocally(TestNG.java:1137)
at org.testng.TestNG.runSuites(TestNG.java:1049)
at org.testng.TestNG.run(TestNG.java:1017)
at org.testng.remote.AbstractRemoteTestNG.run(AbstractRemoteTestNG.java:132)
at org.testng.remote.RemoteTestNG.initAndRun(RemoteTestNG.java:236)
at org.testng.remote.RemoteTestNG.main(RemoteTestNG.java:81)
]]>
            </full-stacktrace>
          </exception> <!-- org.openqa.selenium.NoSuchWindowException -->
          <reporter-output>
          </reporter-output>
        </test-method> <!-- createPurchaseOrder -->
        <test-method status="PASS" signature="logoutOfApp()[pri:0, instance:testScript.TC_01CreateNewPurchaseOrder@5f9d02cb]" name="logoutOfApp" is-config="true" duration-ms="5724" started-at="2021-10-13T06:00:58Z" finished-at="2021-10-13T06:01:04Z">
          <reporter-output>
          </reporter-output>
        </test-method> <!-- logoutOfApp -->
        <test-method status="PASS" signature="closeBrowser()[pri:0, instance:testScript.TC_01CreateNewPurchaseOrder@5f9d02cb]" name="closeBrowser" is-config="true" duration-ms="361" started-at="2021-10-13T06:01:04Z" finished-at="2021-10-13T06:01:04Z">
          <reporter-output>
          </reporter-output>
        </test-method> <!-- closeBrowser -->
        <test-method status="PASS" signature="closeDB()[pri:0, instance:testScript.TC_01CreateNewPurchaseOrder@5f9d02cb]" name="closeDB" is-config="true" duration-ms="0" started-at="2021-10-13T06:01:05Z" finished-at="2021-10-13T06:01:05Z">
          <reporter-output>
          </reporter-output>
        </test-method> <!-- closeDB -->
      </class> <!-- testScript.TC_01CreateNewPurchaseOrder -->
    </test> <!-- Test -->
  </suite> <!-- Suite -->
</testng-results>
